0 info it worked if it ends with ok
1 verbose cli [ 'C:\\Program Files\\nodejs\\node.exe',
1 verbose cli   'C:\\Program Files\\nodejs\\node_modules\\npm\\bin\\npm-cli.js',
1 verbose cli   'install',
1 verbose cli   'node',
1 verbose cli   'server.js' ]
2 info using npm@3.10.10
3 info using node@v6.10.1
4 verbose config Skipping project config: C:\Users\Vinício/.npmrc. (matches userconfig)
5 silly loadCurrentTree Starting
6 silly install loadCurrentTree
7 silly install readLocalPackageData
8 silly fetchPackageMetaData node
9 silly fetchPackageMetaData server.js
10 silly fetchNamedPackageData node
11 silly mapToRegistry name node
12 silly mapToRegistry using default registry
13 silly mapToRegistry registry https://registry.npmjs.org/
14 silly mapToRegistry data Result {
14 silly mapToRegistry   raw: 'node',
14 silly mapToRegistry   scope: null,
14 silly mapToRegistry   escapedName: 'node',
14 silly mapToRegistry   name: 'node',
14 silly mapToRegistry   rawSpec: '',
14 silly mapToRegistry   spec: 'latest',
14 silly mapToRegistry   type: 'tag' }
15 silly mapToRegistry uri https://registry.npmjs.org/node
16 silly fetchNamedPackageData server.js
17 silly mapToRegistry name server.js
18 silly mapToRegistry using default registry
19 silly mapToRegistry registry https://registry.npmjs.org/
20 silly mapToRegistry data Result {
20 silly mapToRegistry   raw: 'server.js',
20 silly mapToRegistry   scope: null,
20 silly mapToRegistry   escapedName: 'server.js',
20 silly mapToRegistry   name: 'server.js',
20 silly mapToRegistry   rawSpec: '',
20 silly mapToRegistry   spec: 'latest',
20 silly mapToRegistry   type: 'tag' }
21 silly mapToRegistry uri https://registry.npmjs.org/server.js
22 verbose request uri https://registry.npmjs.org/server.js
23 verbose request no auth needed
24 info attempt registry request try #1 at 4:02:12 PM
25 verbose request id 5bf0309fd9928d87
26 verbose etag W/"58beb254-4b1"
27 verbose lastModified Tue, 07 Mar 2017 13:15:00 GMT
28 http request GET https://registry.npmjs.org/server.js
29 verbose request uri https://registry.npmjs.org/node
30 verbose request no auth needed
31 info attempt registry request try #1 at 4:02:12 PM
32 verbose etag W/"59cd741e-4e34a"
33 verbose lastModified Thu, 28 Sep 2017 22:13:50 GMT
34 http request GET https://registry.npmjs.org/node
35 http 304 https://registry.npmjs.org/node
36 verbose headers { date: 'Wed, 18 Oct 2017 18:02:12 GMT',
36 verbose headers   via: '1.1 varnish',
36 verbose headers   'cache-control': 'max-age=300',
36 verbose headers   etag: 'W/"59cd741e-4e34a"',
36 verbose headers   age: '0',
36 verbose headers   connection: 'keep-alive',
36 verbose headers   'x-served-by': 'cache-gru17132-GRU',
36 verbose headers   'x-cache': 'MISS',
36 verbose headers   'x-cache-hits': '0',
36 verbose headers   'x-timer': 'S1508349733.755949,VS0,VE182',
36 verbose headers   vary: 'Accept-Encoding, Accept' }
37 silly get cb [ 304,
37 silly get   { date: 'Wed, 18 Oct 2017 18:02:12 GMT',
37 silly get     via: '1.1 varnish',
37 silly get     'cache-control': 'max-age=300',
37 silly get     etag: 'W/"59cd741e-4e34a"',
37 silly get     age: '0',
37 silly get     connection: 'keep-alive',
37 silly get     'x-served-by': 'cache-gru17132-GRU',
37 silly get     'x-cache': 'MISS',
37 silly get     'x-cache-hits': '0',
37 silly get     'x-timer': 'S1508349733.755949,VS0,VE182',
37 silly get     vary: 'Accept-Encoding, Accept' } ]
38 verbose etag https://registry.npmjs.org/node from cache
39 verbose get saving node to C:\Users\Vinício\AppData\Roaming\npm-cache\registry.npmjs.org\node\.cache.json
40 verbose correctMkdir C:\Users\Vinício\AppData\Roaming\npm-cache correctMkdir not in flight; initializing
41 http 304 https://registry.npmjs.org/server.js
42 verbose headers { date: 'Wed, 18 Oct 2017 18:02:12 GMT',
42 verbose headers   via: '1.1 varnish',
42 verbose headers   'cache-control': 'max-age=300',
42 verbose headers   etag: 'W/"58beb254-4b1"',
42 verbose headers   age: '0',
42 verbose headers   connection: 'keep-alive',
42 verbose headers   'x-served-by': 'cache-gru17131-GRU',
42 verbose headers   'x-cache': 'MISS',
42 verbose headers   'x-cache-hits': '0',
42 verbose headers   'x-timer': 'S1508349733.757330,VS0,VE197',
42 verbose headers   vary: 'Accept-Encoding, Accept' }
43 silly get cb [ 304,
43 silly get   { date: 'Wed, 18 Oct 2017 18:02:12 GMT',
43 silly get     via: '1.1 varnish',
43 silly get     'cache-control': 'max-age=300',
43 silly get     etag: 'W/"58beb254-4b1"',
43 silly get     age: '0',
43 silly get     connection: 'keep-alive',
43 silly get     'x-served-by': 'cache-gru17131-GRU',
43 silly get     'x-cache': 'MISS',
43 silly get     'x-cache-hits': '0',
43 silly get     'x-timer': 'S1508349733.757330,VS0,VE197',
43 silly get     vary: 'Accept-Encoding, Accept' } ]
44 verbose etag https://registry.npmjs.org/server.js from cache
45 verbose get saving server.js to C:\Users\Vinício\AppData\Roaming\npm-cache\registry.npmjs.org\server.js\.cache.json
46 verbose correctMkdir C:\Users\Vinício\AppData\Roaming\npm-cache correctMkdir not in flight; initializing
47 silly install normalizeTree
48 silly loadCurrentTree Finishing
49 silly loadIdealTree Starting
50 silly install loadIdealTree
51 silly cloneCurrentTree Starting
52 silly install cloneCurrentTreeToIdealTree
53 silly cloneCurrentTree Finishing
54 silly loadShrinkwrap Starting
55 silly install loadShrinkwrap
56 silly loadShrinkwrap Finishing
57 silly loadAllDepsIntoIdealTree Starting
58 silly install loadAllDepsIntoIdealTree
59 silly resolveWithNewModule node@8.3.0 checking installable status
60 silly cache add args [ 'node', null ]
61 verbose cache add spec node
62 silly resolveWithNewModule server.js@1.0.0 checking installable status
63 silly cache add args [ 'server.js', null ]
64 verbose cache add spec server.js
65 silly cache add parsed spec Result {
65 silly cache add   raw: 'node',
65 silly cache add   scope: null,
65 silly cache add   escapedName: 'node',
65 silly cache add   name: 'node',
65 silly cache add   rawSpec: '',
65 silly cache add   spec: 'latest',
65 silly cache add   type: 'tag' }
66 silly addNamed node@latest
67 verbose addNamed "latest" is being treated as a dist-tag for node
68 info addNameTag [ 'node', 'latest' ]
69 silly mapToRegistry name node
70 silly mapToRegistry using default registry
71 silly mapToRegistry registry https://registry.npmjs.org/
72 silly mapToRegistry data Result {
72 silly mapToRegistry   raw: 'node',
72 silly mapToRegistry   scope: null,
72 silly mapToRegistry   escapedName: 'node',
72 silly mapToRegistry   name: 'node',
72 silly mapToRegistry   rawSpec: '',
72 silly mapToRegistry   spec: 'latest',
72 silly mapToRegistry   type: 'tag' }
73 silly mapToRegistry uri https://registry.npmjs.org/node
74 verbose addNameTag registry:https://registry.npmjs.org/node not in flight; fetching
75 silly cache add parsed spec Result {
75 silly cache add   raw: 'server.js',
75 silly cache add   scope: null,
75 silly cache add   escapedName: 'server.js',
75 silly cache add   name: 'server.js',
75 silly cache add   rawSpec: '',
75 silly cache add   spec: 'latest',
75 silly cache add   type: 'tag' }
76 silly addNamed server.js@latest
77 verbose addNamed "latest" is being treated as a dist-tag for server.js
78 info addNameTag [ 'server.js', 'latest' ]
79 silly mapToRegistry name server.js
80 silly mapToRegistry using default registry
81 silly mapToRegistry registry https://registry.npmjs.org/
82 silly mapToRegistry data Result {
82 silly mapToRegistry   raw: 'server.js',
82 silly mapToRegistry   scope: null,
82 silly mapToRegistry   escapedName: 'server.js',
82 silly mapToRegistry   name: 'server.js',
82 silly mapToRegistry   rawSpec: '',
82 silly mapToRegistry   spec: 'latest',
82 silly mapToRegistry   type: 'tag' }
83 silly mapToRegistry uri https://registry.npmjs.org/server.js
84 verbose addNameTag registry:https://registry.npmjs.org/server.js not in flight; fetching
85 verbose get https://registry.npmjs.org/server.js not expired, no request
86 silly addNameTag next cb for server.js with tag latest
87 silly addNamed server.js@1.0.0
88 verbose addNamed "1.0.0" is a plain semver version for server.js
89 verbose get https://registry.npmjs.org/node not expired, no request
90 silly addNameTag next cb for node with tag latest
91 silly addNamed node@8.3.0
92 verbose addNamed "8.3.0" is a plain semver version for node
93 silly cache afterAdd server.js@1.0.0
94 verbose afterAdd C:\Users\Vinício\AppData\Roaming\npm-cache\server.js\1.0.0\package\package.json not in flight; writing
95 verbose correctMkdir C:\Users\Vinício\AppData\Roaming\npm-cache correctMkdir not in flight; initializing
96 verbose afterAdd C:\Users\Vinício\AppData\Roaming\npm-cache\server.js\1.0.0\package\package.json written
97 silly cache afterAdd node@8.3.0
98 verbose afterAdd C:\Users\Vinício\AppData\Roaming\npm-cache\node\8.3.0\package\package.json not in flight; writing
99 verbose correctMkdir C:\Users\Vinício\AppData\Roaming\npm-cache correctMkdir not in flight; initializing
100 verbose afterAdd C:\Users\Vinício\AppData\Roaming\npm-cache\node\8.3.0\package\package.json written
101 silly fetchNamedPackageData node-bin-setup
102 silly mapToRegistry name node-bin-setup
103 silly mapToRegistry using default registry
104 silly mapToRegistry registry https://registry.npmjs.org/
105 silly mapToRegistry data Result {
105 silly mapToRegistry   raw: 'node-bin-setup',
105 silly mapToRegistry   scope: null,
105 silly mapToRegistry   escapedName: 'node-bin-setup',
105 silly mapToRegistry   name: 'node-bin-setup',
105 silly mapToRegistry   rawSpec: '',
105 silly mapToRegistry   spec: 'latest',
105 silly mapToRegistry   type: 'tag' }
106 silly mapToRegistry uri https://registry.npmjs.org/node-bin-setup
107 verbose request uri https://registry.npmjs.org/node-bin-setup
108 verbose request no auth needed
109 info attempt registry request try #1 at 4:02:12 PM
110 verbose etag W/"5976bbea-1511"
111 verbose lastModified Tue, 25 Jul 2017 03:32:58 GMT
112 http request GET https://registry.npmjs.org/node-bin-setup
113 http 304 https://registry.npmjs.org/node-bin-setup
114 verbose headers { date: 'Wed, 18 Oct 2017 18:02:13 GMT',
114 verbose headers   via: '1.1 varnish',
114 verbose headers   'cache-control': 'max-age=300',
114 verbose headers   etag: 'W/"5976bbea-1511"',
114 verbose headers   age: '0',
114 verbose headers   connection: 'keep-alive',
114 verbose headers   'x-served-by': 'cache-gru17132-GRU',
114 verbose headers   'x-cache': 'MISS',
114 verbose headers   'x-cache-hits': '0',
114 verbose headers   'x-timer': 'S1508349733.297374,VS0,VE200',
114 verbose headers   vary: 'Accept-Encoding, Accept' }
115 silly get cb [ 304,
115 silly get   { date: 'Wed, 18 Oct 2017 18:02:13 GMT',
115 silly get     via: '1.1 varnish',
115 silly get     'cache-control': 'max-age=300',
115 silly get     etag: 'W/"5976bbea-1511"',
115 silly get     age: '0',
115 silly get     connection: 'keep-alive',
115 silly get     'x-served-by': 'cache-gru17132-GRU',
115 silly get     'x-cache': 'MISS',
115 silly get     'x-cache-hits': '0',
115 silly get     'x-timer': 'S1508349733.297374,VS0,VE200',
115 silly get     vary: 'Accept-Encoding, Accept' } ]
116 verbose etag https://registry.npmjs.org/node-bin-setup from cache
117 verbose get saving node-bin-setup to C:\Users\Vinício\AppData\Roaming\npm-cache\registry.npmjs.org\node-bin-setup\.cache.json
118 verbose correctMkdir C:\Users\Vinício\AppData\Roaming\npm-cache correctMkdir not in flight; initializing
119 silly resolveWithNewModule node-bin-setup@1.0.6 checking installable status
120 silly cache add args [ 'node-bin-setup@^1.0.0', null ]
121 verbose cache add spec node-bin-setup@^1.0.0
122 silly cache add parsed spec Result {
122 silly cache add   raw: 'node-bin-setup@^1.0.0',
122 silly cache add   scope: null,
122 silly cache add   escapedName: 'node-bin-setup',
122 silly cache add   name: 'node-bin-setup',
122 silly cache add   rawSpec: '^1.0.0',
122 silly cache add   spec: '>=1.0.0 <2.0.0',
122 silly cache add   type: 'range' }
123 silly addNamed node-bin-setup@>=1.0.0 <2.0.0
124 verbose addNamed ">=1.0.0 <2.0.0" is a valid semver range for node-bin-setup
125 silly addNameRange { name: 'node-bin-setup',
125 silly addNameRange   range: '>=1.0.0 <2.0.0',
125 silly addNameRange   hasData: false }
126 silly mapToRegistry name node-bin-setup
127 silly mapToRegistry using default registry
128 silly mapToRegistry registry https://registry.npmjs.org/
129 silly mapToRegistry data Result {
129 silly mapToRegistry   raw: 'node-bin-setup',
129 silly mapToRegistry   scope: null,
129 silly mapToRegistry   escapedName: 'node-bin-setup',
129 silly mapToRegistry   name: 'node-bin-setup',
129 silly mapToRegistry   rawSpec: '',
129 silly mapToRegistry   spec: 'latest',
129 silly mapToRegistry   type: 'tag' }
130 silly mapToRegistry uri https://registry.npmjs.org/node-bin-setup
131 verbose addNameRange registry:https://registry.npmjs.org/node-bin-setup not in flight; fetching
132 verbose get https://registry.npmjs.org/node-bin-setup not expired, no request
133 silly addNameRange number 2 { name: 'node-bin-setup',
133 silly addNameRange   range: '>=1.0.0 <2.0.0',
133 silly addNameRange   hasData: true }
134 silly addNameRange versions [ 'node-bin-setup',
134 silly addNameRange   [ '1.0.0', '1.0.1', '1.0.2', '1.0.3', '1.0.4', '1.0.6' ] ]
135 silly addNamed node-bin-setup@1.0.6
136 verbose addNamed "1.0.6" is a plain semver version for node-bin-setup
137 silly cache afterAdd node-bin-setup@1.0.6
138 verbose afterAdd C:\Users\Vinício\AppData\Roaming\npm-cache\node-bin-setup\1.0.6\package\package.json not in flight; writing
139 verbose correctMkdir C:\Users\Vinício\AppData\Roaming\npm-cache correctMkdir not in flight; initializing
140 verbose afterAdd C:\Users\Vinício\AppData\Roaming\npm-cache\node-bin-setup\1.0.6\package\package.json written
141 silly loadAllDepsIntoIdealTree Finishing
142 silly loadIdealTree Finishing
143 silly currentTree Vinício
143 silly currentTree +-- angular-animate@1.5.11
143 silly currentTree +-- angular-aria@1.5.11
143 silly currentTree +-- angular-material@1.1.3
143 silly currentTree `-- angular@1.5.11
144 silly idealTree Vinício
144 silly idealTree +-- angular-animate@1.5.11
144 silly idealTree +-- angular-aria@1.5.11
144 silly idealTree +-- angular-material@1.1.3
144 silly idealTree +-- angular@1.5.11
144 silly idealTree +-- node-bin-setup@1.0.6
144 silly idealTree +-- node@8.3.0
144 silly idealTree `-- server.js@1.0.0
145 silly generateActionsToTake Starting
146 silly install generateActionsToTake
147 silly generateActionsToTake Finishing
148 silly diffTrees action count 3
149 silly diffTrees add node-bin-setup@1.0.6
150 silly diffTrees add node@8.3.0
151 silly diffTrees add server.js@1.0.0
152 silly decomposeActions action count 24
153 silly decomposeActions fetch node-bin-setup@1.0.6
154 silly decomposeActions extract node-bin-setup@1.0.6
155 silly decomposeActions test node-bin-setup@1.0.6
156 silly decomposeActions preinstall node-bin-setup@1.0.6
157 silly decomposeActions build node-bin-setup@1.0.6
158 silly decomposeActions install node-bin-setup@1.0.6
159 silly decomposeActions postinstall node-bin-setup@1.0.6
160 silly decomposeActions finalize node-bin-setup@1.0.6
161 silly decomposeActions fetch node@8.3.0
162 silly decomposeActions extract node@8.3.0
163 silly decomposeActions test node@8.3.0
164 silly decomposeActions preinstall node@8.3.0
165 silly decomposeActions build node@8.3.0
166 silly decomposeActions install node@8.3.0
167 silly decomposeActions postinstall node@8.3.0
168 silly decomposeActions finalize node@8.3.0
169 silly decomposeActions fetch server.js@1.0.0
170 silly decomposeActions extract server.js@1.0.0
171 silly decomposeActions test server.js@1.0.0
172 silly decomposeActions preinstall server.js@1.0.0
173 silly decomposeActions build server.js@1.0.0
174 silly decomposeActions install server.js@1.0.0
175 silly decomposeActions postinstall server.js@1.0.0
176 silly decomposeActions finalize server.js@1.0.0
177 silly runTopLevelLifecycles Starting
178 silly executeActions Starting
179 silly install executeActions
180 silly doSerial global-install 0
181 silly doParallel fetch 3
182 verbose correctMkdir C:\Users\Vinício\AppData\Roaming\npm-cache\_locks correctMkdir not in flight; initializing
183 verbose lock using C:\Users\Vinício\AppData\Roaming\npm-cache\_locks\staging-57a2a1545d64b99c.lock for C:\Users\Vinício\node_modules\.staging
184 silly doParallel extract 3
185 silly extract node-bin-setup@1.0.6
186 silly extract node@8.3.0
187 silly extract server.js@1.0.0
188 verbose unbuild node_modules\.staging\server.js-828a1ed6
189 verbose unbuild node_modules\.staging\node-bin-setup-421b80b7
190 verbose unbuild node_modules\.staging\node-3c743db5
191 silly gentlyRm C:\Users\Vinício\node_modules\.staging\server.js-828a1ed6 is being purged from base C:\Users\Vinício
192 verbose gentlyRm don't care about contents; nuking C:\Users\Vinício\node_modules\.staging\server.js-828a1ed6
193 silly gentlyRm C:\Users\Vinício\node_modules\.staging\node-bin-setup-421b80b7 is being purged from base C:\Users\Vinício
194 verbose gentlyRm don't care about contents; nuking C:\Users\Vinício\node_modules\.staging\node-bin-setup-421b80b7
195 verbose tar unpack C:\Users\Vinício\AppData\Roaming\npm-cache\server.js\1.0.0\package.tgz
196 verbose tar unpacking to C:\Users\Vinício\node_modules\.staging\server.js-828a1ed6
197 silly gentlyRm C:\Users\Vinício\node_modules\.staging\server.js-828a1ed6 is being purged
198 verbose gentlyRm don't care about contents; nuking C:\Users\Vinício\node_modules\.staging\server.js-828a1ed6
199 verbose tar unpack C:\Users\Vinício\AppData\Roaming\npm-cache\node-bin-setup\1.0.6\package.tgz
200 verbose tar unpacking to C:\Users\Vinício\node_modules\.staging\node-bin-setup-421b80b7
201 silly gentlyRm C:\Users\Vinício\node_modules\.staging\node-bin-setup-421b80b7 is being purged
202 verbose gentlyRm don't care about contents; nuking C:\Users\Vinício\node_modules\.staging\node-bin-setup-421b80b7
203 silly gentlyRm C:\Users\Vinício\node_modules\.staging\node-3c743db5 is being purged from base C:\Users\Vinício
204 verbose gentlyRm don't care about contents; nuking C:\Users\Vinício\node_modules\.staging\node-3c743db5
205 silly gunzTarPerm modes [ '777', '666' ]
206 silly gunzTarPerm modes [ '777', '666' ]
207 verbose tar unpack C:\Users\Vinício\AppData\Roaming\npm-cache\node\8.3.0\package.tgz
208 verbose tar unpacking to C:\Users\Vinício\node_modules\.staging\node-3c743db5
209 silly gentlyRm C:\Users\Vinício\node_modules\.staging\node-3c743db5 is being purged
210 verbose gentlyRm don't care about contents; nuking C:\Users\Vinício\node_modules\.staging\node-3c743db5
211 silly gunzTarPerm modes [ '777', '666' ]
212 silly gunzTarPerm extractEntry package.json
213 silly gunzTarPerm extractEntry package.json
214 silly gunzTarPerm modified mode [ 'package.json', 420, 438 ]
215 silly gunzTarPerm extractEntry package.json
216 silly gunzTarPerm modified mode [ 'package.json', 420, 438 ]
217 silly gunzTarPerm extractEntry server.js
218 silly gunzTarPerm extractEntry index.js
219 silly gunzTarPerm modified mode [ 'index.js', 420, 438 ]
220 silly gunzTarPerm extractEntry README.md
221 silly gunzTarPerm modified mode [ 'README.md', 420, 438 ]
222 silly gunzTarPerm extractEntry installArchSpecificPackage.js
223 silly gunzTarPerm modified mode [ 'installArchSpecificPackage.js', 420, 438 ]
224 silly gentlyRm C:\Users\Vinício\node_modules\.staging\node-bin-setup-421b80b7\node_modules is being purged
225 verbose gentlyRm don't care about contents; nuking C:\Users\Vinício\node_modules\.staging\node-bin-setup-421b80b7\node_modules
226 silly gentlyRm C:\Users\Vinício\node_modules\.staging\server.js-828a1ed6\node_modules is being purged
227 verbose gentlyRm don't care about contents; nuking C:\Users\Vinício\node_modules\.staging\server.js-828a1ed6\node_modules
228 silly gentlyRm C:\Users\Vinício\node_modules\.staging\node-3c743db5\node_modules is being purged
229 verbose gentlyRm don't care about contents; nuking C:\Users\Vinício\node_modules\.staging\node-3c743db5\node_modules
230 silly doParallel preinstall 3
231 silly preinstall node-bin-setup@1.0.6 C:\Users\Vinício\node_modules\.staging\node-bin-setup-421b80b7
232 info lifecycle node-bin-setup@1.0.6~preinstall: node-bin-setup@1.0.6
233 silly preinstall node@8.3.0 C:\Users\Vinício\node_modules\.staging\node-3c743db5
234 info lifecycle node@8.3.0~preinstall: node@8.3.0
235 silly preinstall server.js@1.0.0 C:\Users\Vinício\node_modules\.staging\server.js-828a1ed6
236 info lifecycle server.js@1.0.0~preinstall: server.js@1.0.0
237 silly lifecycle node-bin-setup@1.0.6~preinstall: no script for preinstall, continuing
238 verbose lifecycle node@8.3.0~preinstall: unsafe-perm in lifecycle true
239 verbose lifecycle node@8.3.0~preinstall: PATH: C:\Program Files\nodejs\node_modules\npm\bin\node-gyp-bin;C:\Users\Vinício\node_modules\.staging\node-3c743db5\node_modules\.bin;C:\Users\Vinício\node_modules\.bin;C:\ProgramData\Oracle\Java\javapath;C:\WINDOWS\system32;C:\Program Files\Java\jdk1.8.0_111\bin;C:\apache-maven-3.3.9\bin;C:\Program Files\nodejs\;C:\Program Files\Git\cmd;C:\Users\Vinício\AppData\Local\atom\bin;C:\Users\Vinício\AppData\Roaming\npm;C:\Program Files\Heroku\bin
240 verbose lifecycle node@8.3.0~preinstall: CWD: C:\Users\Vinício\node_modules\.staging\node-3c743db5
241 silly lifecycle node@8.3.0~preinstall: Args: [ '/d /s /c', 'node installArchSpecificPackage' ]
242 silly lifecycle server.js@1.0.0~preinstall: no script for preinstall, continuing
243 silly lifecycle node@8.3.0~preinstall: Returned: code: 1  signal: null
244 info lifecycle node@8.3.0~preinstall: Failed to exec preinstall script
245 verbose unlock done using C:\Users\Vinício\AppData\Roaming\npm-cache\_locks\staging-57a2a1545d64b99c.lock for C:\Users\Vinício\node_modules\.staging
246 silly rollbackFailedOptional Starting
247 silly rollbackFailedOptional Finishing
248 silly runTopLevelLifecycles Finishing
249 silly install printInstalled
250 warn enoent ENOENT: no such file or directory, open 'C:\Users\Vinício\package.json'
251 verbose enoent ENOENT: no such file or directory, open 'C:\Users\Vinício\package.json'
251 verbose enoent This is most likely not a problem with npm itself
251 verbose enoent and is related to npm not being able to find a file.
252 warn Vinício No description
253 verbose If you need help, you may report this error at:
253 verbose     <https://github.com/npm/npm/issues>
254 warn Vinício No repository field.
255 verbose If you need help, you may report this error at:
255 verbose     <https://github.com/npm/npm/issues>
256 warn Vinício No README data
257 verbose If you need help, you may report this error at:
257 verbose     <https://github.com/npm/npm/issues>
258 warn Vinício No license field.
259 verbose If you need help, you may report this error at:
259 verbose     <https://github.com/npm/npm/issues>
260 verbose stack Error: node@8.3.0 preinstall: `node installArchSpecificPackage`
260 verbose stack Exit status 1
260 verbose stack     at EventEmitter.<anonymous> (C:\Program Files\nodejs\node_modules\npm\lib\utils\lifecycle.js:255:16)
260 verbose stack     at emitTwo (events.js:106:13)
260 verbose stack     at EventEmitter.emit (events.js:191:7)
260 verbose stack     at ChildProcess.<anonymous> (C:\Program Files\nodejs\node_modules\npm\lib\utils\spawn.js:40:14)
260 verbose stack     at emitTwo (events.js:106:13)
260 verbose stack     at ChildProcess.emit (events.js:191:7)
260 verbose stack     at maybeClose (internal/child_process.js:886:16)
260 verbose stack     at Process.ChildProcess._handle.onexit (internal/child_process.js:226:5)
261 verbose pkgid node@8.3.0
262 verbose cwd C:\Users\Vinício\Desktop\Site Life Sucos
263 error Windows_NT 10.0.14393
264 error argv "C:\\Program Files\\nodejs\\node.exe" "C:\\Program Files\\nodejs\\node_modules\\npm\\bin\\npm-cli.js" "install" "node" "server.js"
265 error node v6.10.1
266 error npm  v3.10.10
267 error code ELIFECYCLE
268 error node@8.3.0 preinstall: `node installArchSpecificPackage`
268 error Exit status 1
269 error Failed at the node@8.3.0 preinstall script 'node installArchSpecificPackage'.
269 error Make sure you have the latest version of node.js and npm installed.
269 error If you do, this is most likely a problem with the node package,
269 error not with npm itself.
269 error Tell the author that this fails on your system:
269 error     node installArchSpecificPackage
269 error You can get information on how to open an issue for this project with:
269 error     npm bugs node
269 error Or if that isn't available, you can get their info via:
269 error     npm owner ls node
269 error There is likely additional logging output above.
270 verbose exit [ 1, true ]
